<?xml version="1.0" encoding="UTF-8"?>
<!-- Generated by org.testng.reporters.JUnitXMLReporter -->
<testsuite ignored="0" hostname="LAPTOP-84AAFFGG" failures="0" tests="7" name="BatchExecution" time="0.306" errors="0" timestamp="2022-11-24T12:11:52 IST">
  <testcase classname="JenkinsExecution.Script01" name="test01" time="0.033"/>
  <testcase classname="JenkinsExecution.Script01" name="test02" time="0.006"/>
  <testcase classname="JenkinsExecution.Script01" name="test03" time="0.009"/>
  <testcase classname="JenkinsExecution.Script03" name="test06" time="0.008"/>
  <testcase classname="JenkinsExecution.Script03" name="test07" time="0.006"/>
  <testcase classname="JenkinsExecution.Script02" name="test04" time="0.007"/>
  <testcase classname="JenkinsExecution.Script02" name="test05" time="0.004"/>
</testsuite> <!-- BatchExecution -->
